<?xml version="1.0" encoding="UTF-8"?>
<!-- Generated by org.testng.reporters.JUnitReportReporter -->
<testsuite hostname="bhupesh-PC" name="testAnt.Guru99AntClass" tests="1" failures="0" timestamp="24 Feb 2015 16:06:44 GMT" time="13.774" errors="0">
  <testcase name="Guru99AntTestNGMethod" time="13.774" classname="testAnt.Guru99AntClass"/>
</testsuite> <!-- testAnt.Guru99AntClass -->
